<?xml version="1.0" encoding="utf-8"?><testsuites name="pytest tests"><testsuite name="pytest" errors="0" failures="0" skipped="1" tests="2" time="0.314" timestamp="2026-01-26T22:24:03.625692-08:00" hostname="Ashutoshs-MacBook-Pro.local"><testcase classname="tests.auth.test_auth_smoke" name="test_login_gets_token_if_creds_present" time="0.038"><skipped type="pytest.skip" message="Auth not configured (set AUTH_USERNAME/AUTH_PASSWORD)">/Users/ashutoshfolane/Documents/src/pytest-dummyjson-api/tests/auth/test_auth_smoke.py:14: Auth not configured (set AUTH_USERNAME/AUTH_PASSWORD)</skipped></testcase><testcase classname="tests.users.test_users_smoke" name="test_list_users" time="0.201" /></testsuite></testsuites>